[20250629_091616] index:0;amount:42;created
[20250629_091616] index:1;amount:54;created
[20250629_091616] index:2;amount:957;created
[20250629_091616] index:3;amount:432;created
[20250629_091616] index:4;amount:1234;created
[20250629_091616] index:5;amount:0;created
[20250629_091616] index:6;amount:754;created
[20250629_091616] index:7;amount:16576;created
[20250629_091616] accounts8;total:20049;deposits:0;withdrawals:0
[20250629_091616] index:0;amount:42;deposits0;withdrawals:0
[20250629_091616] index:1;amount:54;deposits0;withdrawals:0
[20250629_091616] index:2;amount:957;deposits0;withdrawals:0
[20250629_091616] index:3;amount:432;deposits0;withdrawals:0
[20250629_091616] index:4;amount:1234;deposits0;withdrawals:0
[20250629_091616] index:5;amount:0;deposits0;withdrawals:0
[20250629_091616] index:6;amount:754;deposits0;withdrawals:0
[20250629_091616] index:7;amount:16576;deposits0;withdrawals:0
[20250629_091616] index:0;p_amount:42;deposit:5;amount:47;nb_deposits:1
[20250629_091616] index:1;p_amount:54;deposit:765;amount:819;nb_deposits:1
[20250629_091616] index:2;p_amount:957;deposit:564;amount:1521;nb_deposits:1
[20250629_091616] index:3;p_amount:432;deposit:2;amount:434;nb_deposits:1
[20250629_091616] index:4;p_amount:1234;deposit:87;amount:1321;nb_deposits:1
[20250629_091616] index:5;p_amount:0;deposit:23;amount:23;nb_deposits:1
[20250629_091616] index:6;p_amount:754;deposit:9;amount:763;nb_deposits:1
[20250629_091616] index:7;p_amount:16576;deposit:20;amount:16596;nb_deposits:1
[20250629_091616] accounts8;total:20049;deposits:8;withdrawals:0
[20250629_091616] index:0;amount:47;deposits1;withdrawals:0
[20250629_091616] index:1;amount:819;deposits1;withdrawals:0
[20250629_091616] index:2;amount:1521;deposits1;withdrawals:0
[20250629_091616] index:3;amount:434;deposits1;withdrawals:0
[20250629_091616] index:4;amount:1321;deposits1;withdrawals:0
[20250629_091616] index:5;amount:23;deposits1;withdrawals:0
[20250629_091616] index:6;amount:763;deposits1;withdrawals:0
[20250629_091616] index:7;amount:16596;deposits1;withdrawals:0
[20250629_091616] index:0;p_amount:47;withdrawal:refused
[20250629_091616] index:1;p_amount:819;withdrawal:34;amount:785;nb_withdrawals:1
[20250629_091616] index:2;p_amount:1521;withdrawal:657;amount:864;nb_withdrawals:1
[20250629_091616] index:3;p_amount:434;withdrawal:4;amount:430;nb_withdrawals:1
[20250629_091616] index:4;p_amount:1321;withdrawal:76;amount:1245;nb_withdrawals:1
[20250629_091616] index:5;p_amount:23;withdrawal:refused
[20250629_091616] index:6;p_amount:763;withdrawal:657;amount:106;nb_withdrawals:1
[20250629_091616] index:7;p_amount:16596;withdrawal:7654;amount:8942;nb_withdrawals:1
[20250629_091616] accounts8;total:20049;deposits:8;withdrawals:6
[20250629_091616] index:0;amount:47;deposits1;withdrawals:0
[20250629_091616] index:1;amount:785;deposits1;withdrawals:1
[20250629_091616] index:2;amount:864;deposits1;withdrawals:1
[20250629_091616] index:3;amount:430;deposits1;withdrawals:1
[20250629_091616] index:4;amount:1245;deposits1;withdrawals:1
[20250629_091616] index:5;amount:23;deposits1;withdrawals:0
[20250629_091616] index:6;amount:106;deposits1;withdrawals:1
[20250629_091616] index:7;amount:8942;deposits1;withdrawals:1
[20250629_091616] index:7;amount:8942;closed
[20250629_091616] index:6;amount:106;closed
[20250629_091616] index:5;amount:23;closed
[20250629_091616] index:4;amount:1245;closed
[20250629_091616] index:3;amount:430;closed
[20250629_091616] index:2;amount:864;closed
[20250629_091616] index:1;amount:785;closed
[20250629_091616] index:0;amount:47;closed
